Virtual User Script started at: 20-Dec-17 15:30:13
Starting action vuser_init.
Web Turbo Replay of LoadRunner 12.55.0 for Windows 10; build 911 (Jul 24 2017 19:46:00)  	[MsgId: MMSG-26983]
Run mode: HTML  	[MsgId: MMSG-26993]
Replay user agent: Mozilla/5.0 (compatible; MSIE 10.0; Windows NT 6.1; Trident/6.0)  	[MsgId: MMSG-26988]
Run-Time Settings file: "C:\Users\ADMIN\Documents\VuGen\Scripts\WebHttpHtml28\\default.cfg"  	[MsgId: MMSG-27141]
Ending action vuser_init.
Running Vuser...
Starting iteration 1.
Maximum number of concurrent connections per server: 4  	[MsgId: MMSG-26989]
Starting action Action.
Action.c(3): Notify: Transaction "01_test" started.
Action.c(5): Notify: Transaction "01_test" ended with a "Pass" status (Duration: 1.4904).
Action.c(7): Notify: Transaction "02_test" started.
Action.c(9): Notify: Transaction "02_test" ended with a "Pass" status (Duration: 0.3698).
Ending action Action.
Ending iteration 1.
Ending Vuser...
Starting action vuser_end.
Ending action vuser_end.
Vuser Terminated.
